2019/04/12 01:24:22 Listening on 0.0.0.0:3344
2019/04/12 01:24:34 Input: {"object_kind":"push","event_name":"push","before":"1203c831bebbfd942d9431df0746d3f64c358bbc","after":"fac14f9acbc5b0d588c2e8bdc4faf9322febae96","ref":"refs/heads/master","checkout_sha":"fac14f9acbc5b0d588c2e8bdc4faf9322febae96","message":null,"user_id":26,"user_name":"付鹏","user_username":"fupeng","user_email":"fupeng@pinquest.cn","user_avatar":"https://git.pinquest.cn/uploads/-/system/user/avatar/26/avatar.png","project_id":127,"project":{"id":127,"name":"deploy_test","description":"前端自动部署测试","web_url":"https://git.pinquest.cn/web/deploy_test","avatar_url":null,"git_ssh_url":"ssh://git@git.pinquest.cn:10022/web/deploy_test.git","git_http_url":"https://git.pinquest.cn/web/deploy_test.git","namespace":"web","visibility_level":0,"path_with_namespace":"web/deploy_test","default_branch":"master","ci_config_path":null,"homepage":"https://git.pinquest.cn/web/deploy_test","url":"ssh://git@git.pinquest.cn:10022/web/deploy_test.git","ssh_url":"ssh://git@git.pinquest.cn:10022/web/deploy_test.git","http_url":"https://git.pinquest.cn/web/deploy_test.git"},"commits":[{"id":"fac14f9acbc5b0d588c2e8bdc4faf9322febae96","message":"fix\n","timestamp":"2019-04-09T07:28:54Z","url":"https://git.pinquest.cn/web/deploy_test/commit/fac14f9acbc5b0d588c2e8bdc4faf9322febae96","author":{"name":"fupeng","email":"fupenglxy@gmail.com"},"added":[],"modified":[".gitlab-ci.yml"],"removed":[]},{"id":"f4a12dd00b1f9ea260f3fc81a12721af3edae3f9","message":"test\n","timestamp":"2019-04-09T07:25:56Z","url":"https://git.pinquest.cn/web/deploy_test/commit/f4a12dd00b1f9ea260f3fc81a12721af3edae3f9","author":{"name":"fupeng","email":"fupenglxy@gmail.com"},"added":[],"modified":[".gitlab-ci.yml"],"removed":[]},{"id":"1203c831bebbfd942d9431df0746d3f64c358bbc","message":"test\n","timestamp":"2019-04-09T07:25:10Z","url":"https://git.pinquest.cn/web/deploy_test/commit/1203c831bebbfd942d9431df0746d3f64c358bbc","author":{"name":"fupeng","email":"fupenglxy@gmail.com"},"added":[],"modified":[".gitlab-ci.yml"],"removed":[]}],"total_commits_count":3,"repository":{"name":"deploy_test","url":"ssh://git@git.pinquest.cn:10022/web/deploy_test.git","description":"前端自动部署测试","homepage":"https://git.pinquest.cn/web/deploy_test","git_http_url":"https://git.pinquest.cn/web/deploy_test.git","git_ssh_url":"ssh://git@git.pinquest.cn:10022/web/deploy_test.git","visibility_level":0}}
2019/04/12 01:24:35 Executed: bash/git.sh
2019/04/12 01:24:35 Output: sync code web/deploy_test
Fetching origin
HEAD is now at fac14f9 fix
Already up to date.

2019/04/12 01:24:35 Executed: bash/build_web.sh
2019/04/12 01:24:35 Output: build web/deploy_test
123

2019/04/12 01:24:35 Input: {"object_kind":"push","event_name":"push","before":"1203c831bebbfd942d9431df0746d3f64c358bbc","after":"fac14f9acbc5b0d588c2e8bdc4faf9322febae96","ref":"refs/heads/master","checkout_sha":"fac14f9acbc5b0d588c2e8bdc4faf9322febae96","message":null,"user_id":26,"user_name":"付鹏","user_username":"fupeng","user_email":"fupeng@pinquest.cn","user_avatar":"https://git.pinquest.cn/uploads/-/system/user/avatar/26/avatar.png","project_id":127,"project":{"id":127,"name":"deploy_test","description":"前端自动部署测试","web_url":"https://git.pinquest.cn/web/deploy_test","avatar_url":null,"git_ssh_url":"ssh://git@git.pinquest.cn:10022/web/deploy_test.git","git_http_url":"https://git.pinquest.cn/web/deploy_test.git","namespace":"web","visibility_level":0,"path_with_namespace":"web/deploy_test","default_branch":"master","ci_config_path":null,"homepage":"https://git.pinquest.cn/web/deploy_test","url":"ssh://git@git.pinquest.cn:10022/web/deploy_test.git","ssh_url":"ssh://git@git.pinquest.cn:10022/web/deploy_test.git","http_url":"https://git.pinquest.cn/web/deploy_test.git"},"commits":[{"id":"fac14f9acbc5b0d588c2e8bdc4faf9322febae96","message":"fix\n","timestamp":"2019-04-09T07:28:54Z","url":"https://git.pinquest.cn/web/deploy_test/commit/fac14f9acbc5b0d588c2e8bdc4faf9322febae96","author":{"name":"fupeng","email":"fupenglxy@gmail.com"},"added":[],"modified":[".gitlab-ci.yml"],"removed":[]},{"id":"f4a12dd00b1f9ea260f3fc81a12721af3edae3f9","message":"test\n","timestamp":"2019-04-09T07:25:56Z","url":"https://git.pinquest.cn/web/deploy_test/commit/f4a12dd00b1f9ea260f3fc81a12721af3edae3f9","author":{"name":"fupeng","email":"fupenglxy@gmail.com"},"added":[],"modified":[".gitlab-ci.yml"],"removed":[]},{"id":"1203c831bebbfd942d9431df0746d3f64c358bbc","message":"test\n","timestamp":"2019-04-09T07:25:10Z","url":"https://git.pinquest.cn/web/deploy_test/commit/1203c831bebbfd942d9431df0746d3f64c358bbc","author":{"name":"fupeng","email":"fupenglxy@gmail.com"},"added":[],"modified":[".gitlab-ci.yml"],"removed":[]}],"total_commits_count":3,"repository":{"name":"deploy_test","url":"ssh://git@git.pinquest.cn:10022/web/deploy_test.git","description":"前端自动部署测试","homepage":"https://git.pinquest.cn/web/deploy_test","git_http_url":"https://git.pinquest.cn/web/deploy_test.git","git_ssh_url":"ssh://git@git.pinquest.cn:10022/web/deploy_test.git","visibility_level":0}}
2019/04/12 01:24:36 Executed: bash/git.sh
2019/04/12 01:24:36 Output: sync code web/deploy_test
Fetching origin
HEAD is now at fac14f9 fix
Already up to date.

2019/04/12 01:24:36 Executed: bash/build_web.sh
2019/04/12 01:24:36 Output: build web/deploy_test
123

2019/04/12 01:25:14 Input: {"object_kind":"push","event_name":"push","before":"1203c831bebbfd942d9431df0746d3f64c358bbc","after":"fac14f9acbc5b0d588c2e8bdc4faf9322febae96","ref":"refs/heads/master","checkout_sha":"fac14f9acbc5b0d588c2e8bdc4faf9322febae96","message":null,"user_id":26,"user_name":"付鹏","user_username":"fupeng","user_email":"fupeng@pinquest.cn","user_avatar":"https://git.pinquest.cn/uploads/-/system/user/avatar/26/avatar.png","project_id":127,"project":{"id":127,"name":"deploy_test","description":"前端自动部署测试","web_url":"https://git.pinquest.cn/web/deploy_test","avatar_url":null,"git_ssh_url":"ssh://git@git.pinquest.cn:10022/web/deploy_test.git","git_http_url":"https://git.pinquest.cn/web/deploy_test.git","namespace":"web","visibility_level":0,"path_with_namespace":"web/deploy_test","default_branch":"master","ci_config_path":null,"homepage":"https://git.pinquest.cn/web/deploy_test","url":"ssh://git@git.pinquest.cn:10022/web/deploy_test.git","ssh_url":"ssh://git@git.pinquest.cn:10022/web/deploy_test.git","http_url":"https://git.pinquest.cn/web/deploy_test.git"},"commits":[{"id":"fac14f9acbc5b0d588c2e8bdc4faf9322febae96","message":"fix\n","timestamp":"2019-04-09T07:28:54Z","url":"https://git.pinquest.cn/web/deploy_test/commit/fac14f9acbc5b0d588c2e8bdc4faf9322febae96","author":{"name":"fupeng","email":"fupenglxy@gmail.com"},"added":[],"modified":[".gitlab-ci.yml"],"removed":[]},{"id":"f4a12dd00b1f9ea260f3fc81a12721af3edae3f9","message":"test\n","timestamp":"2019-04-09T07:25:56Z","url":"https://git.pinquest.cn/web/deploy_test/commit/f4a12dd00b1f9ea260f3fc81a12721af3edae3f9","author":{"name":"fupeng","email":"fupenglxy@gmail.com"},"added":[],"modified":[".gitlab-ci.yml"],"removed":[]},{"id":"1203c831bebbfd942d9431df0746d3f64c358bbc","message":"test\n","timestamp":"2019-04-09T07:25:10Z","url":"https://git.pinquest.cn/web/deploy_test/commit/1203c831bebbfd942d9431df0746d3f64c358bbc","author":{"name":"fupeng","email":"fupenglxy@gmail.com"},"added":[],"modified":[".gitlab-ci.yml"],"removed":[]}],"total_commits_count":3,"repository":{"name":"deploy_test","url":"ssh://git@git.pinquest.cn:10022/web/deploy_test.git","description":"前端自动部署测试","homepage":"https://git.pinquest.cn/web/deploy_test","git_http_url":"https://git.pinquest.cn/web/deploy_test.git","git_ssh_url":"ssh://git@git.pinquest.cn:10022/web/deploy_test.git","visibility_level":0}}
2019/04/12 01:25:15 Executed: bash/git.sh
2019/04/12 01:25:15 Output: sync code web/deploy_test
Fetching origin
HEAD is now at fac14f9 fix
Already up to date.

2019/04/12 01:25:16 Executed: bash/build_web.sh
2019/04/12 01:25:16 Output: build web/deploy_test

> deploy_test@1.0.0 build /Users/fupeng/WorkSpace/go/src/webhook/project/web/deploy_test
> rsync -r -v src/ dist/prod

building file list ... done

sent 56 bytes  received 20 bytes  152.00 bytes/sec
total size is 273  speedup is 3.59

2019/04/12 01:25:34 Input: {"object_kind":"push","event_name":"push","before":"1203c831bebbfd942d9431df0746d3f64c358bbc","after":"fac14f9acbc5b0d588c2e8bdc4faf9322febae96","ref":"refs/heads/master","checkout_sha":"fac14f9acbc5b0d588c2e8bdc4faf9322febae96","message":null,"user_id":26,"user_name":"付鹏","user_username":"fupeng","user_email":"fupeng@pinquest.cn","user_avatar":"https://git.pinquest.cn/uploads/-/system/user/avatar/26/avatar.png","project_id":127,"project":{"id":127,"name":"deploy_test","description":"前端自动部署测试","web_url":"https://git.pinquest.cn/web/deploy_test","avatar_url":null,"git_ssh_url":"ssh://git@git.pinquest.cn:10022/web/deploy_test.git","git_http_url":"https://git.pinquest.cn/web/deploy_test.git","namespace":"web","visibility_level":0,"path_with_namespace":"web/deploy_test","default_branch":"master","ci_config_path":null,"homepage":"https://git.pinquest.cn/web/deploy_test","url":"ssh://git@git.pinquest.cn:10022/web/deploy_test.git","ssh_url":"ssh://git@git.pinquest.cn:10022/web/deploy_test.git","http_url":"https://git.pinquest.cn/web/deploy_test.git"},"commits":[{"id":"fac14f9acbc5b0d588c2e8bdc4faf9322febae96","message":"fix\n","timestamp":"2019-04-09T07:28:54Z","url":"https://git.pinquest.cn/web/deploy_test/commit/fac14f9acbc5b0d588c2e8bdc4faf9322febae96","author":{"name":"fupeng","email":"fupenglxy@gmail.com"},"added":[],"modified":[".gitlab-ci.yml"],"removed":[]},{"id":"f4a12dd00b1f9ea260f3fc81a12721af3edae3f9","message":"test\n","timestamp":"2019-04-09T07:25:56Z","url":"https://git.pinquest.cn/web/deploy_test/commit/f4a12dd00b1f9ea260f3fc81a12721af3edae3f9","author":{"name":"fupeng","email":"fupenglxy@gmail.com"},"added":[],"modified":[".gitlab-ci.yml"],"removed":[]},{"id":"1203c831bebbfd942d9431df0746d3f64c358bbc","message":"test\n","timestamp":"2019-04-09T07:25:10Z","url":"https://git.pinquest.cn/web/deploy_test/commit/1203c831bebbfd942d9431df0746d3f64c358bbc","author":{"name":"fupeng","email":"fupenglxy@gmail.com"},"added":[],"modified":[".gitlab-ci.yml"],"removed":[]}],"total_commits_count":3,"repository":{"name":"deploy_test","url":"ssh://git@git.pinquest.cn:10022/web/deploy_test.git","description":"前端自动部署测试","homepage":"https://git.pinquest.cn/web/deploy_test","git_http_url":"https://git.pinquest.cn/web/deploy_test.git","git_ssh_url":"ssh://git@git.pinquest.cn:10022/web/deploy_test.git","visibility_level":0}}
2019/04/12 01:25:35 Executed: bash/git.sh
2019/04/12 01:25:35 Output: sync code web/deploy_test
Fetching origin
HEAD is now at fac14f9 fix
Already up to date.

2019/04/12 01:25:36 Executed: bash/build_web.sh
2019/04/12 01:25:36 Output: build web/deploy_test

> deploy_test@1.0.0 build /Users/fupeng/WorkSpace/go/src/webhook/project/web/deploy_test
> rsync -r -v src/ dist/prod

building file list ... done
index.html

sent 375 bytes  received 42 bytes  834.00 bytes/sec
total size is 273  speedup is 0.65

